<?xml version="1.0" encoding="UTF-8"?>
<testsuite name="safety.culture.test.services.impl.AverageMeasuresServiceTest" tests="18" skipped="0" failures="0" errors="0" timestamp="2018-03-15T22:14:01" hostname="shiro" time="0.035">
  <properties/>
  <testcase name="testModeNullInput" classname="safety.culture.test.services.impl.AverageMeasuresServiceTest" time="0.002"/>
  <testcase name="testGetAverageMeasuresEmptyInput" classname="safety.culture.test.services.impl.AverageMeasuresServiceTest" time="0.001"/>
  <testcase name="testModeEmptyListInput" classname="safety.culture.test.services.impl.AverageMeasuresServiceTest" time="0.001"/>
  <testcase name="testMedianNullInput" classname="safety.culture.test.services.impl.AverageMeasuresServiceTest" time="0.001"/>
  <testcase name="testGetAverageMeasuresValidInput" classname="safety.culture.test.services.impl.AverageMeasuresServiceTest" time="0.002"/>
  <testcase name="testMedianListWithOddtemsInput" classname="safety.culture.test.services.impl.AverageMeasuresServiceTest" time="0.001"/>
  <testcase name="testMeanEmptyListInput" classname="safety.culture.test.services.impl.AverageMeasuresServiceTest" time="0.001"/>
  <testcase name="testMeanNullInput" classname="safety.culture.test.services.impl.AverageMeasuresServiceTest" time="0.001"/>
  <testcase name="testMedianListWithOneItemInput" classname="safety.culture.test.services.impl.AverageMeasuresServiceTest" time="0.001"/>
  <testcase name="testModeListWithSingleModeOutput" classname="safety.culture.test.services.impl.AverageMeasuresServiceTest" time="0.001"/>
  <testcase name="testMedianListWithEvenItemsInput" classname="safety.culture.test.services.impl.AverageMeasuresServiceTest" time="0.001"/>
  <testcase name="testModeListWithUniqueItemsInput" classname="safety.culture.test.services.impl.AverageMeasuresServiceTest" time="0.001"/>
  <testcase name="testGetAverageMeasuresNullInput" classname="safety.culture.test.services.impl.AverageMeasuresServiceTest" time="0.001"/>
  <testcase name="testMedianEmptyListInput" classname="safety.culture.test.services.impl.AverageMeasuresServiceTest" time="0.001"/>
  <testcase name="testMeanListWithOneItemInput" classname="safety.culture.test.services.impl.AverageMeasuresServiceTest" time="0.001"/>
  <testcase name="testMeanListWithMultipleItemsInput" classname="safety.culture.test.services.impl.AverageMeasuresServiceTest" time="0.001"/>
  <testcase name="testModeListWithOneItemInput" classname="safety.culture.test.services.impl.AverageMeasuresServiceTest" time="0.001"/>
  <testcase name="testModeListWithMultipleModeOutput" classname="safety.culture.test.services.impl.AverageMeasuresServiceTest" time="0.001"/>
  <system-out><![CDATA[2018-03-16 09:14:01.081  INFO 3621 --- [    Test worker] .b.t.c.SpringBootTestContextBootstrapper : Neither @ContextConfiguration nor @ContextHierarchy found for test class [safety.culture.test.services.impl.AverageMeasuresServiceTest], using SpringBootContextLoader
2018-03-16 09:14:01.082  INFO 3621 --- [    Test worker] o.s.t.c.support.AbstractContextLoader    : Could not detect default resource locations for test class [safety.culture.test.services.impl.AverageMeasuresServiceTest]: no resource found for suffixes {-context.xml, Context.groovy}.
2018-03-16 09:14:01.082  INFO 3621 --- [    Test worker] t.c.s.AnnotationConfigContextLoaderUtils : Could not detect default configuration classes for test class [safety.culture.test.services.impl.AverageMeasuresServiceTest]: AverageMeasuresServiceTest does not declare any static, non-private, non-final, nested classes annotated with @Configuration.
2018-03-16 09:14:01.091  INFO 3621 --- [    Test worker] .b.t.c.SpringBootTestContextBootstrapper : Found @SpringBootConfiguration safety.culture.test.Application for test class safety.culture.test.services.impl.AverageMeasuresServiceTest
2018-03-16 09:14:01.093  INFO 3621 --- [    Test worker] .b.t.c.SpringBootTestContextBootstrapper : Loaded default TestExecutionListener class names from location [META-INF/spring.factories]: [org.springframework.boot.test.autoconfigure.restdocs.RestDocsTestExecutionListener, org.springframework.boot.test.autoconfigure.web.client.MockRestServiceServerResetTestExecutionListener, org.springframework.boot.test.autoconfigure.web.servlet.MockMvcPrintOnlyOnFailureTestExecutionListener, org.springframework.boot.test.autoconfigure.web.servlet.WebDriverTestExecutionListener, org.springframework.boot.test.mock.mockito.MockitoTestExecutionListener, org.springframework.boot.test.mock.mockito.ResetMocksTestExecutionListener, org.springframework.test.context.web.ServletTestExecutionListener, org.springframework.test.context.support.DirtiesContextBeforeModesTestExecutionListener, org.springframework.test.context.support.DependencyInjectionTestExecutionListener, org.springframework.test.context.support.DirtiesContextTestExecutionListener, org.springframework.test.context.transaction.TransactionalTestExecutionListener, org.springframework.test.context.jdbc.SqlScriptsTestExecutionListener]
2018-03-16 09:14:01.094  INFO 3621 --- [    Test worker] .b.t.c.SpringBootTestContextBootstrapper : Using TestExecutionListeners: [org.springframework.test.context.web.ServletTestExecutionListener@23c33f72, org.springframework.test.context.support.DirtiesContextBeforeModesTestExecutionListener@5df4f654, org.springframework.boot.test.mock.mockito.MockitoTestExecutionListener@69299b97, org.springframework.boot.test.autoconfigure.SpringBootDependencyInjectionTestExecutionListener@695ca7f0, org.springframework.test.context.support.DirtiesContextTestExecutionListener@53de3d06, org.springframework.boot.test.autoconfigure.restdocs.RestDocsTestExecutionListener@29e2377f, org.springframework.boot.test.autoconfigure.web.client.MockRestServiceServerResetTestExecutionListener@c32f4f7, org.springframework.boot.test.autoconfigure.web.servlet.MockMvcPrintOnlyOnFailureTestExecutionListener@dda1a6, org.springframework.boot.test.autoconfigure.web.servlet.WebDriverTestExecutionListener@22c99ab6, org.springframework.boot.test.mock.mockito.ResetMocksTestExecutionListener@1a28085f]
]]></system-out>
  <system-err><![CDATA[]]></system-err>
</testsuite>
