<?xml version="1.0" encoding="UTF-8"?>
<testsuite name="safety.culture.test.api.TemperatureTest" tests="3" skipped="0" failures="0" errors="0" timestamp="2018-03-15T22:14:01" hostname="shiro" time="0.026">
  <properties/>
  <testcase name="testTemperatureControllerInvalidOutputFromService" classname="safety.culture.test.api.TemperatureTest" time="0.022"/>
  <testcase name="testTemperatureControllerInvalidInput" classname="safety.culture.test.api.TemperatureTest" time="0.001"/>
  <testcase name="testTemperatureControllerValidOutputFromService" classname="safety.culture.test.api.TemperatureTest" time="0.001"/>
  <system-out><![CDATA[09:13:58.459 [Test worker] DEBUG org.springframework.test.context.junit4.SpringJUnit4ClassRunner - SpringJUnit4ClassRunner constructor called with [class safety.culture.test.api.TemperatureTest]
09:13:58.465 [Test worker] DEBUG org.springframework.test.context.BootstrapUtils - Instantiating CacheAwareContextLoaderDelegate from class [org.springframework.test.context.cache.DefaultCacheAwareContextLoaderDelegate]
09:13:58.473 [Test worker] DEBUG org.springframework.test.context.BootstrapUtils - Instantiating BootstrapContext using constructor [public org.springframework.test.context.support.DefaultBootstrapContext(java.lang.Class,org.springframework.test.context.CacheAwareContextLoaderDelegate)]
09:13:58.494 [Test worker] DEBUG org.springframework.test.context.BootstrapUtils - Instantiating TestContextBootstrapper for test class [safety.culture.test.api.TemperatureTest] from class [org.springframework.boot.test.context.SpringBootTestContextBootstrapper]
09:13:58.513 [Test worker] INFO org.springframework.boot.test.context.SpringBootTestContextBootstrapper - Neither @ContextConfiguration nor @ContextHierarchy found for test class [safety.culture.test.api.TemperatureTest], using SpringBootContextLoader
09:13:58.516 [Test worker] DEBUG org.springframework.test.context.support.AbstractContextLoader - Did not detect default resource location for test class [safety.culture.test.api.TemperatureTest]: class path resource [safety/culture/test/api/TemperatureTest-context.xml] does not exist
09:13:58.517 [Test worker] DEBUG org.springframework.test.context.support.AbstractContextLoader - Did not detect default resource location for test class [safety.culture.test.api.TemperatureTest]: class path resource [safety/culture/test/api/TemperatureTestContext.groovy] does not exist
09:13:58.517 [Test worker] INFO org.springframework.test.context.support.AbstractContextLoader - Could not detect default resource locations for test class [safety.culture.test.api.TemperatureTest]: no resource found for suffixes {-context.xml, Context.groovy}.
09:13:58.518 [Test worker] INFO org.springframework.test.context.support.AnnotationConfigContextLoaderUtils - Could not detect default configuration classes for test class [safety.culture.test.api.TemperatureTest]: TemperatureTest does not declare any static, non-private, non-final, nested classes annotated with @Configuration.
09:13:58.567 [Test worker] DEBUG org.springframework.test.context.support.ActiveProfilesUtils - Could not find an 'annotation declaring class' for annotation type [org.springframework.test.context.ActiveProfiles] and class [safety.culture.test.api.TemperatureTest]
09:13:58.573 [Test worker] DEBUG org.springframework.core.env.StandardEnvironment - Adding PropertySource 'systemProperties' with lowest search precedence
09:13:58.573 [Test worker] DEBUG org.springframework.core.env.StandardEnvironment - Adding PropertySource 'systemEnvironment' with lowest search precedence
09:13:58.574 [Test worker] DEBUG org.springframework.core.env.StandardEnvironment - Initialized StandardEnvironment with PropertySources [MapPropertySource@1734482947 {name='systemProperties', properties={java.runtime.name=Java(TM) SE Runtime Environment, sun.boot.library.path=/Library/Java/JavaVirtualMachines/jdk1.8.0_111.jdk/Contents/Home/jre/lib, java.vm.version=25.111-b14, gopherProxySet=false, java.vm.vendor=Oracle Corporation, java.vendor.url=http://java.oracle.com/, path.separator=:, java.vm.name=Java HotSpot(TM) 64-Bit Server VM, file.encoding.pkg=sun.io, sun.java.launcher=SUN_STANDARD, user.country=US, sun.os.patch.level=unknown, java.vm.specification.name=Java Virtual Machine Specification, user.dir=/Users/gabriela/Development/sensor, java.runtime.version=1.8.0_111-b14, java.awt.graphicsenv=sun.awt.CGraphicsEnvironment, java.endorsed.dirs=/Library/Java/JavaVirtualMachines/jdk1.8.0_111.jdk/Contents/Home/jre/lib/endorsed, os.arch=x86_64, java.io.tmpdir=/var/folders/zz/zyxvpxvq6csfxvn_n0000000000000/T/, line.separator=
, java.vm.specification.vendor=Oracle Corporation, user.variant=, os.name=Mac OS X, sun.jnu.encoding=UTF-8, java.library.path=/Users/gabriela/Library/Java/Extensions:/Library/Java/Extensions:/Network/Library/Java/Extensions:/System/Library/Java/Extensions:/usr/lib/java:., java.specification.name=Java Platform API Specification, java.class.version=52.0, org.gradle.native=false, sun.management.compiler=HotSpot 64-Bit Tiered Compilers, os.version=10.12.6, http.nonProxyHosts=local|*.local|169.254/16|*.169.254/16, user.home=/var/root, user.timezone=Australia/Sydney, java.awt.printerjob=sun.lwawt.macosx.CPrinterJob, file.encoding=UTF-8, java.specification.version=1.8, java.class.path=/Users/gabriela/Development/sensor/build/classes/java/test:/Users/gabriela/Development/sensor/build/resources/test:/Users/gabriela/Development/sensor/build/classes/java/main:/Users/gabriela/Development/sensor/build/resources/main:/private/var/root/.gradle/caches/modules-2/files-2.1/org.springframework.boot/spring-boot-starter-web/2.0.0.RELEASE/fcb2a9e18f98382e626935841f85ed44d7153615/spring-boot-starter-web-2.0.0.RELEASE.jar:/private/var/root/.gradle/caches/modules-2/files-2.1/org.springframework.boot/spring-boot-starter-test/2.0.0.RELEASE/4ff0e1d9bd315a4a5867e9c6128691cac8b37348/spring-boot-starter-test-2.0.0.RELEASE.jar:/private/var/root/.gradle/caches/modules-2/files-2.1/junit/junit/4.12/2973d150c0dc1fefe998f834810d68f278ea58ec/junit-4.12.jar:/private/var/root/.gradle/caches/modules-2/files-2.1/org.springframework.boot/spring-boot-starter-json/2.0.0.RELEASE/5a09c939d8bd60d7f163c1c0c20a3127ba9fffa/spring-boot-starter-json-2.0.0.RELEASE.jar:/private/var/root/.gradle/caches/modules-2/files-2.1/org.springframework.boot/spring-boot-starter/2.0.0.RELEASE/6d7d8e4bf053cd1833f3c7dbce676bc274f0892f/spring-boot-starter-2.0.0.RELEASE.jar:/private/var/root/.gradle/caches/modules-2/files-2.1/org.springframework.boot/spring-boot-starter-tomcat/2.0.0.RELEASE/908bc9de1a7cfa857edf44182d426f6e0d8a3008/spring-boot-starter-tomcat-2.0.0.RELEASE.jar:/private/var/root/.gradle/caches/modules-2/files-2.1/org.hibernate.validator/hibernate-validator/6.0.7.Final/8b9d9c7ec8c73963ea0fe81912fc67711a4ef76/hibernate-validator-6.0.7.Final.jar:/private/var/root/.gradle/caches/modules-2/files-2.1/org.springframework/spring-webmvc/5.0.4.RELEASE/addcf1caa22613c474bd6dde8c7134fef940b1f0/spring-webmvc-5.0.4.RELEASE.jar:/private/var/root/.gradle/caches/modules-2/files-2.1/org.springframework/spring-web/5.0.4.RELEASE/9565bbc67bf1a850a6505deaa5103931712a7b80/spring-web-5.0.4.RELEASE.jar:/private/var/root/.gradle/caches/modules-2/files-2.1/org.hamcrest/hamcrest-library/1.3/4785a3c21320980282f9f33d0d1264a69040538f/hamcrest-library-1.3.jar:/private/var/root/.gradle/caches/modules-2/files-2.1/org.hamcrest/hamcrest-core/1.3/42a25dc3219429f0e5d060061f71acb49bf010a0/hamcrest-core-1.3.jar:/private/var/root/.gradle/caches/modules-2/files-2.1/org.springframework.boot/spring-boot-test-autoconfigure/2.0.0.RELEASE/db0595321e96929d9473cf061f3408972d03c6aa/spring-boot-test-autoconfigure-2.0.0.RELEASE.jar:/private/var/root/.gradle/caches/modules-2/files-2.1/org.springframework.boot/spring-boot-test/2.0.0.RELEASE/1565e78c2801bd3c7ece0a8ddc08e5ed53676878/spring-boot-test-2.0.0.RELEASE.jar:/private/var/root/.gradle/caches/modules-2/files-2.1/com.jayway.jsonpath/json-path/2.4.0/765a4401ceb2dc8d40553c2075eb80a8fa35c2ae/json-path-2.4.0.jar:/private/var/root/.gradle/caches/modules-2/files-2.1/org.assertj/assertj-core/3.9.1/c5ce126b15f28d56cd8f960c1a6a058b9c9aea87/assertj-core-3.9.1.jar:/private/var/root/.gradle/caches/modules-2/files-2.1/org.mockito/mockito-core/2.15.0/b84bfbbc29cd22c9529409627af6ea2897f4fa85/mockito-core-2.15.0.jar:/private/var/root/.gradle/caches/modules-2/files-2.1/org.skyscreamer/jsonassert/1.5.0/6c9d5fe2f59da598d9aefc1cfc6528ff3cf32df3/jsonassert-1.5.0.jar:/private/var/root/.gradle/caches/modules-2/files-2.1/org.springframework/spring-test/5.0.4.RELEASE/3fc10b6535a113593fa8780951465012a7677e21/spring-test-5.0.4.RELEASE.jar:/private/var/root/.gradle/caches/modules-2/files-2.1/org.springframework.boot/spring-boot-autoconfigure/2.0.0.RELEASE/c89896a469ecf92996ecba40755919896ace5470/spring-boot-autoconfigure-2.0.0.RELEASE.jar:/private/var/root/.gradle/caches/modules-2/files-2.1/org.springframework.boot/spring-boot/2.0.0.RELEASE/771da2071ff14a47f108642a641c204ae4ef7b15/spring-boot-2.0.0.RELEASE.jar:/private/var/root/.gradle/caches/modules-2/files-2.1/org.springframework/spring-context/5.0.4.RELEASE/3e76d08c851113077642c5704f0f94d5ce58e905/spring-context-5.0.4.RELEASE.jar:/private/var/root/.gradle/caches/modules-2/files-2.1/org.springframework/spring-expression/5.0.4.RELEASE/4bda161f2e34c1486f2527a23eb47293567f473c/spring-expression-5.0.4.RELEASE.jar:/private/var/root/.gradle/caches/modules-2/files-2.1/org.springframework/spring-aop/5.0.4.RELEASE/f8e029e54c0267dadb6b9f713f3feb54ec4f3a0e/spring-aop-5.0.4.RELEASE.jar:/private/var/root/.gradle/caches/modules-2/files-2.1/org.springframework/spring-beans/5.0.4.RELEASE/7a8c3d48d4c33621e64d1399721d8e067450fcbd/spring-beans-5.0.4.RELEASE.jar:/private/var/root/.gradle/caches/modules-2/files-2.1/org.springframework/spring-core/5.0.4.RELEASE/2221a957b5561a34f044350ba4e30ef5870254a3/spring-core-5.0.4.RELEASE.jar:/private/var/root/.gradle/caches/modules-2/files-2.1/org.xmlunit/xmlunit-core/2.5.1/4ffdb346572a7356f7521cd3119ce5287d2e339d/xmlunit-core-2.5.1.jar:/private/var/root/.gradle/caches/modules-2/files-2.1/org.springframework.boot/spring-boot-starter-logging/2.0.0.RELEASE/fe939b71659ef1f98a53cce0b5bcf771685cf6a6/spring-boot-starter-logging-2.0.0.RELEASE.jar:/private/var/root/.gradle/caches/modules-2/files-2.1/javax.annotation/javax.annotation-api/1.3.2/934c04d3cfef185a8008e7bf34331b79730a9d43/javax.annotation-api-1.3.2.jar:/private/var/root/.gradle/caches/modules-2/files-2.1/org.yaml/snakeyaml/1.19/2d998d3d674b172a588e54ab619854d073f555b5/snakeyaml-1.19.jar:/private/var/root/.gradle/caches/modules-2/files-2.1/com.fasterxml.jackson.datatype/jackson-datatype-jdk8/2.9.4/63ac052d52a70a15820d3dc07ea757826fd51d40/jackson-datatype-jdk8-2.9.4.jar:/private/var/root/.gradle/caches/modules-2/files-2.1/com.fasterxml.jackson.datatype/jackson-datatype-jsr310/2.9.4/12d52679a6615c7972ea25bd8ebb60b191fe79b7/jackson-datatype-jsr310-2.9.4.jar:/private/var/root/.gradle/caches/modules-2/files-2.1/com.fasterxml.jackson.module/jackson-module-parameter-names/2.9.4/5833c819877c3e85bad847f4d2fa4e70379217c6/jackson-module-parameter-names-2.9.4.jar:/private/var/root/.gradle/caches/modules-2/files-2.1/com.fasterxml.jackson.core/jackson-databind/2.9.4/498bbc3b94f566982c7f7c6d4d303fce365529be/jackson-databind-2.9.4.jar:/private/var/root/.gradle/caches/modules-2/files-2.1/org.apache.tomcat.embed/tomcat-embed-websocket/8.5.28/8a5a48740dd80cad644ceb541e77fd8e0809e3b7/tomcat-embed-websocket-8.5.28.jar:/private/var/root/.gradle/caches/modules-2/files-2.1/org.apache.tomcat.embed/tomcat-embed-core/8.5.28/b684c98cf77c6528079c4e59fc1feeb218bf82f1/tomcat-embed-core-8.5.28.jar:/private/var/root/.gradle/caches/modules-2/files-2.1/org.apache.tomcat.embed/tomcat-embed-el/8.5.28/75745598f60646ccf0c4b105468a9c8be9b8432e/tomcat-embed-el-8.5.28.jar:/private/var/root/.gradle/caches/modules-2/files-2.1/javax.validation/validation-api/2.0.1.Final/cb855558e6271b1b32e716d24cb85c7f583ce09e/validation-api-2.0.1.Final.jar:/private/var/root/.gradle/caches/modules-2/files-2.1/org.jboss.logging/jboss-logging/3.3.2.Final/3789d00e859632e6c6206adc0c71625559e6e3b0/jboss-logging-3.3.2.Final.jar:/private/var/root/.gradle/caches/modules-2/files-2.1/com.fasterxml/classmate/1.3.4/3d5f48f10bbe4eb7bd862f10c0583be2e0053c6/classmate-1.3.4.jar:/private/var/root/.gradle/caches/modules-2/files-2.1/net.minidev/json-smart/2.3/7396407491352ce4fa30de92efb158adb76b5b/json-smart-2.3.jar:/private/var/root/.gradle/caches/modules-2/files-2.1/ch.qos.logback/logback-classic/1.2.3/7c4f3c474fb2c041d8028740440937705ebb473a/logback-classic-1.2.3.jar:/private/var/root/.gradle/caches/modules-2/files-2.1/org.apache.logging.log4j/log4j-to-slf4j/2.10.0/f7e631ccf49cfc0aefa4a2a728da7d374c05bd3c/log4j-to-slf4j-2.10.0.jar:/private/var/root/.gradle/caches/modules-2/files-2.1/org.slf4j/jul-to-slf4j/1.7.25/af5364cd6679bfffb114f0dec8a157aaa283b76/jul-to-slf4j-1.7.25.jar:/private/var/root/.gradle/caches/modules-2/files-2.1/org.slf4j/slf4j-api/1.7.25/da76ca59f6a57ee3102f8f9bd9cee742973efa8a/slf4j-api-1.7.25.jar:/private/var/root/.gradle/caches/modules-2/files-2.1/net.bytebuddy/byte-buddy/1.7.10/3c8ec287c0a5bd04b1e3f11723bc46a50346602b/byte-buddy-1.7.10.jar:/private/var/root/.gradle/caches/modules-2/files-2.1/net.bytebuddy/byte-buddy-agent/1.7.10/9b092a8fb9112b89f6cb23fc929cfb931b14007b/byte-buddy-agent-1.7.10.jar:/private/var/root/.gradle/caches/modules-2/files-2.1/org.objenesis/objenesis/2.6/639033469776fd37c08358c6b92a4761feb2af4b/objenesis-2.6.jar:/private/var/root/.gradle/caches/modules-2/files-2.1/com.vaadin.external.google/android-json/0.0.20131108.vaadin1/fa26d351fe62a6a17f5cda1287c1c6110dec413f/android-json-0.0.20131108.vaadin1.jar:/private/var/root/.gradle/caches/modules-2/files-2.1/org.springframework/spring-jcl/5.0.4.RELEASE/3053e2bad0a18571bdbb9596ce51f9d458f5934f/spring-jcl-5.0.4.RELEASE.jar:/private/var/root/.gradle/caches/modules-2/files-2.1/com.fasterxml.jackson.core/jackson-annotations/2.9.0/7c10d545325e3a6e72e06381afe469fd40eb701/jackson-annotations-2.9.0.jar:/private/var/root/.gradle/caches/modules-2/files-2.1/com.fasterxml.jackson.core/jackson-core/2.9.4/a9a71ec1aa37da47db168fede9a4a5fb5e374320/jackson-core-2.9.4.jar:/private/var/root/.gradle/caches/modules-2/files-2.1/net.minidev/accessors-smart/1.2/c592b500269bfde36096641b01238a8350f8aa31/accessors-smart-1.2.jar:/private/var/root/.gradle/caches/modules-2/files-2.1/ch.qos.logback/logback-core/1.2.3/864344400c3d4d92dfeb0a305dc87d953677c03c/logback-core-1.2.3.jar:/private/var/root/.gradle/caches/modules-2/files-2.1/org.apache.logging.log4j/log4j-api/2.10.0/fec5797a55b786184a537abd39c3fa1449d752d6/log4j-api-2.10.0.jar:/private/var/root/.gradle/caches/modules-2/files-2.1/org.ow2.asm/asm/5.0.4/da08b8cce7bbf903602a25a3a163ae252435795/asm-5.0.4.jar, user.name=root, java.vm.specification.version=1.8, sun.java.command=worker.org.gradle.process.internal.worker.GradleWorkerMain 'Gradle Test Executor 12', java.home=/Library/Java/JavaVirtualMachines/jdk1.8.0_111.jdk/Contents/Home/jre, sun.arch.data.model=64, user.language=en, java.specification.vendor=Oracle Corporation, awt.toolkit=sun.lwawt.macosx.LWCToolkit, java.vm.info=mixed mode, java.version=1.8.0_111, java.ext.dirs=/Users/gabriela/Library/Java/Extensions:/Library/Java/JavaVirtualMachines/jdk1.8.0_111.jdk/Contents/Home/jre/lib/ext:/Library/Java/Extensions:/Network/Library/Java/Extensions:/System/Library/Java/Extensions:/usr/lib/java, sun.boot.class.path=/Library/Java/JavaVirtualMachines/jdk1.8.0_111.jdk/Contents/Home/jre/lib/resources.jar:/Library/Java/JavaVirtualMachines/jdk1.8.0_111.jdk/Contents/Home/jre/lib/rt.jar:/Library/Java/JavaVirtualMachines/jdk1.8.0_111.jdk/Contents/Home/jre/lib/sunrsasign.jar:/Library/Java/JavaVirtualMachines/jdk1.8.0_111.jdk/Contents/Home/jre/lib/jsse.jar:/Library/Java/JavaVirtualMachines/jdk1.8.0_111.jdk/Contents/Home/jre/lib/jce.jar:/Library/Java/JavaVirtualMachines/jdk1.8.0_111.jdk/Contents/Home/jre/lib/charsets.jar:/Library/Java/JavaVirtualMachines/jdk1.8.0_111.jdk/Contents/Home/jre/lib/jfr.jar:/Library/Java/JavaVirtualMachines/jdk1.8.0_111.jdk/Contents/Home/jre/classes, java.vendor=Oracle Corporation, org.gradle.test.worker=12, file.separator=/, java.vendor.url.bug=http://bugreport.sun.com/bugreport/, sun.io.unicode.encoding=UnicodeBig, sun.cpu.endian=little, socksNonProxyHosts=local|*.local|169.254/16|*.169.254/16, ftp.nonProxyHosts=local|*.local|169.254/16|*.169.254/16, sun.cpu.isalist=}}, SystemEnvironmentPropertySource@1274299221 {name='systemEnvironment', properties={PATH=/Users/gabriela/.rbenv/shims:/Library/Frameworks/Python.framework/Versions/3.4/bin:/usr/local/bin:/usr/bin:/bin:/usr/sbin:/sbin:/Applications/play-1.3.4:/opt/X11/bin:/Users/gabriela/Applications/play-1.3.4, JAVA_ARCH=x86_64, TERM=xterm-256color, LANG=en_AU.UTF-8, SUDO_USER=gabriela, JAVA_MAIN_CLASS_3608=org.gradle.wrapper.GradleWrapperMain, DISPLAY=/private/tmp/com.apple.launchd.ijl7Kw32Xq/org.macosforge.xquartz:0, SUDO_GID=20, MAIL=/var/mail/root, JAVA_MAIN_CLASS_3621=worker.org.gradle.process.internal.worker.GradleWorkerMain, USERNAME=root, LOGNAME=root, PWD=/Users/gabriela/Development/sensor, SUDO_UID=501, APP_ICON_3608=/Users/gabriela/Development/sensor/media/gradle.icns, SHELL=/bin/sh, OLDPWD=/Users/gabriela/Development/sensor, USER=root, SUDO_COMMAND=./gradlew clean build, SSH_AUTH_SOCK=/private/tmp/com.apple.launchd.uLlc6ODtsZ/Listeners, __CF_USER_TEXT_ENCODING=0x0:0:0, APP_NAME_3608=Gradle, com.apple.java.jvmTask=CommandLine, HOME=/Users/gabriela, SHLVL=0}}]
09:13:58.584 [Test worker] DEBUG org.springframework.core.io.support.PathMatchingResourcePatternResolver - Resolved classpath location [safety/culture/test/api/] to resources [URL [file:/Users/gabriela/Development/sensor/build/classes/java/test/safety/culture/test/api/], URL [file:/Users/gabriela/Development/sensor/build/classes/java/main/safety/culture/test/api/]]
09:13:58.585 [Test worker] DEBUG org.springframework.core.io.support.PathMatchingResourcePatternResolver - Looking for matching resources in directory tree [/Users/gabriela/Development/sensor/build/classes/java/test/safety/culture/test/api]
09:13:58.585 [Test worker] DEBUG org.springframework.core.io.support.PathMatchingResourcePatternResolver - Searching directory [/Users/gabriela/Development/sensor/build/classes/java/test/safety/culture/test/api] for files matching pattern [/Users/gabriela/Development/sensor/build/classes/java/test/safety/culture/test/api/*.class]
09:13:58.587 [Test worker] DEBUG org.springframework.core.io.support.PathMatchingResourcePatternResolver - Looking for matching resources in directory tree [/Users/gabriela/Development/sensor/build/classes/java/main/safety/culture/test/api]
09:13:58.587 [Test worker] DEBUG org.springframework.core.io.support.PathMatchingResourcePatternResolver - Searching directory [/Users/gabriela/Development/sensor/build/classes/java/main/safety/culture/test/api] for files matching pattern [/Users/gabriela/Development/sensor/build/classes/java/main/safety/culture/test/api/*.class]
09:13:58.588 [Test worker] DEBUG org.springframework.core.io.support.PathMatchingResourcePatternResolver - Resolved location pattern [classpath*:safety/culture/test/api/*.class] to resources [file [/Users/gabriela/Development/sensor/build/classes/java/test/safety/culture/test/api/TemperatureTest.class], file [/Users/gabriela/Development/sensor/build/classes/java/main/safety/culture/test/api/Temperature.class]]
09:13:58.617 [Test worker] DEBUG org.springframework.core.io.support.PathMatchingResourcePatternResolver - Resolved classpath location [safety/culture/test/] to resources [URL [file:/Users/gabriela/Development/sensor/build/classes/java/test/safety/culture/test/], URL [file:/Users/gabriela/Development/sensor/build/classes/java/main/safety/culture/test/]]
09:13:58.617 [Test worker] DEBUG org.springframework.core.io.support.PathMatchingResourcePatternResolver - Looking for matching resources in directory tree [/Users/gabriela/Development/sensor/build/classes/java/test/safety/culture/test]
09:13:58.617 [Test worker] DEBUG org.springframework.core.io.support.PathMatchingResourcePatternResolver - Searching directory [/Users/gabriela/Development/sensor/build/classes/java/test/safety/culture/test] for files matching pattern [/Users/gabriela/Development/sensor/build/classes/java/test/safety/culture/test/*.class]
09:13:58.618 [Test worker] DEBUG org.springframework.core.io.support.PathMatchingResourcePatternResolver - Looking for matching resources in directory tree [/Users/gabriela/Development/sensor/build/classes/java/main/safety/culture/test]
09:13:58.618 [Test worker] DEBUG org.springframework.core.io.support.PathMatchingResourcePatternResolver - Searching directory [/Users/gabriela/Development/sensor/build/classes/java/main/safety/culture/test] for files matching pattern [/Users/gabriela/Development/sensor/build/classes/java/main/safety/culture/test/*.class]
09:13:58.618 [Test worker] DEBUG org.springframework.core.io.support.PathMatchingResourcePatternResolver - Resolved location pattern [classpath*:safety/culture/test/*.class] to resources [file [/Users/gabriela/Development/sensor/build/classes/java/main/safety/culture/test/Application.class]]
09:13:58.634 [Test worker] DEBUG org.springframework.context.annotation.ClassPathScanningCandidateComponentProvider - Identified candidate component class: file [/Users/gabriela/Development/sensor/build/classes/java/main/safety/culture/test/Application.class]
09:13:58.634 [Test worker] INFO org.springframework.boot.test.context.SpringBootTestContextBootstrapper - Found @SpringBootConfiguration safety.culture.test.Application for test class safety.culture.test.api.TemperatureTest
09:13:58.731 [Test worker] DEBUG org.springframework.boot.test.context.SpringBootTestContextBootstrapper - @TestExecutionListeners is not present for class [safety.culture.test.api.TemperatureTest]: using defaults.
09:13:58.731 [Test worker] INFO org.springframework.boot.test.context.SpringBootTestContextBootstrapper - Loaded default TestExecutionListener class names from location [META-INF/spring.factories]: [org.springframework.boot.test.autoconfigure.restdocs.RestDocsTestExecutionListener, org.springframework.boot.test.autoconfigure.web.client.MockRestServiceServerResetTestExecutionListener, org.springframework.boot.test.autoconfigure.web.servlet.MockMvcPrintOnlyOnFailureTestExecutionListener, org.springframework.boot.test.autoconfigure.web.servlet.WebDriverTestExecutionListener, org.springframework.boot.test.mock.mockito.MockitoTestExecutionListener, org.springframework.boot.test.mock.mockito.ResetMocksTestExecutionListener, org.springframework.test.context.web.ServletTestExecutionListener, org.springframework.test.context.support.DirtiesContextBeforeModesTestExecutionListener, org.springframework.test.context.support.DependencyInjectionTestExecutionListener, org.springframework.test.context.support.DirtiesContextTestExecutionListener, org.springframework.test.context.transaction.TransactionalTestExecutionListener, org.springframework.test.context.jdbc.SqlScriptsTestExecutionListener]
09:13:58.743 [Test worker] DEBUG org.springframework.boot.test.context.SpringBootTestContextBootstrapper - Skipping candidate TestExecutionListener [org.springframework.test.context.transaction.TransactionalTestExecutionListener] due to a missing dependency. Specify custom listener classes or make the default listener classes and their required dependencies available. Offending class: [org/springframework/transaction/interceptor/TransactionAttributeSource]
09:13:58.744 [Test worker] DEBUG org.springframework.boot.test.context.SpringBootTestContextBootstrapper - Skipping candidate TestExecutionListener [org.springframework.test.context.jdbc.SqlScriptsTestExecutionListener] due to a missing dependency. Specify custom listener classes or make the default listener classes and their required dependencies available. Offending class: [org/springframework/transaction/interceptor/TransactionAttribute]
09:13:58.744 [Test worker] INFO org.springframework.boot.test.context.SpringBootTestContextBootstrapper - Using TestExecutionListeners: [org.springframework.test.context.web.ServletTestExecutionListener@51155194, org.springframework.test.context.support.DirtiesContextBeforeModesTestExecutionListener@239b99e, org.springframework.boot.test.mock.mockito.MockitoTestExecutionListener@29f001d6, org.springframework.boot.test.autoconfigure.SpringBootDependencyInjectionTestExecutionListener@445c9fca, org.springframework.test.context.support.DirtiesContextTestExecutionListener@3fbeef24, org.springframework.boot.test.autoconfigure.restdocs.RestDocsTestExecutionListener@70044404, org.springframework.boot.test.autoconfigure.web.client.MockRestServiceServerResetTestExecutionListener@59531563, org.springframework.boot.test.autoconfigure.web.servlet.MockMvcPrintOnlyOnFailureTestExecutionListener@79d1734c, org.springframework.boot.test.autoconfigure.web.servlet.WebDriverTestExecutionListener@315e749d, org.springframework.boot.test.mock.mockito.ResetMocksTestExecutionListener@63a832d6]
09:13:58.747 [Test worker] DEBUG org.springframework.test.annotation.ProfileValueUtils - Retrieved @ProfileValueSourceConfiguration [null] for test class [safety.culture.test.api.TemperatureTest]
09:13:58.748 [Test worker] DEBUG org.springframework.test.annotation.ProfileValueUtils - Retrieved ProfileValueSource type [class org.springframework.test.annotation.SystemProfileValueSource] for class [safety.culture.test.api.TemperatureTest]
09:13:58.748 [Test worker] DEBUG org.springframework.test.annotation.ProfileValueUtils - Retrieved @ProfileValueSourceConfiguration [null] for test class [safety.culture.test.api.TemperatureTest]
09:13:58.749 [Test worker] DEBUG org.springframework.test.annotation.ProfileValueUtils - Retrieved ProfileValueSource type [class org.springframework.test.annotation.SystemProfileValueSource] for class [safety.culture.test.api.TemperatureTest]
09:13:58.753 [Test worker] DEBUG org.springframework.test.context.support.AbstractDirtiesContextTestExecutionListener - Before test class: context [DefaultTestContext@6601e44e testClass = TemperatureTest, testInstance = [null], testMethod = [null], testException = [null], mergedContextConfiguration = [WebMergedContextConfiguration@6941f528 testClass = TemperatureTest, locations = '{}', classes = '{class safety.culture.test.Application}', contextInitializerClasses = '[]', activeProfiles = '{}', propertySourceLocations = '{}', propertySourceProperties = '{org.springframework.boot.test.context.SpringBootTestContextBootstrapper=true}', contextCustomizers = set[org.springframework.boot.test.autoconfigure.properties.PropertyMappingContextCustomizer@e7e8512, org.springframework.boot.test.autoconfigure.web.servlet.WebDriverContextCustomizerFactory$Customizer@3b92e1b6, [ImportsContextCustomizer@3a2b3a3f key = [org.springframework.boot.test.autoconfigure.web.servlet.MockMvcAutoConfiguration, org.springframework.boot.test.autoconfigure.web.servlet.MockMvcSecurityAutoConfiguration, org.springframework.boot.test.autoconfigure.web.servlet.MockMvcWebClientAutoConfiguration, org.springframework.boot.test.autoconfigure.web.servlet.MockMvcWebDriverAutoConfiguration]], org.springframework.boot.test.context.filter.ExcludeFilterContextCustomizer@6ff8b0e9, org.springframework.boot.test.json.DuplicateJsonObjectContextCustomizerFactory$DuplicateJsonObjectContextCustomizer@6d933e89, org.springframework.boot.test.mock.mockito.MockitoContextCustomizer@0, org.springframework.boot.test.web.client.TestRestTemplateContextCustomizer@62494aa4], resourceBasePath = 'src/main/webapp', contextLoader = 'org.springframework.boot.test.context.SpringBootContextLoader', parent = [null]], attributes = map['org.springframework.test.context.web.ServletTestExecutionListener.activateListener' -> true]], class annotated with @DirtiesContext [false] with mode [null].
09:13:58.753 [Test worker] DEBUG org.springframework.test.annotation.ProfileValueUtils - Retrieved @ProfileValueSourceConfiguration [null] for test class [safety.culture.test.api.TemperatureTest]
09:13:58.754 [Test worker] DEBUG org.springframework.test.annotation.ProfileValueUtils - Retrieved ProfileValueSource type [class org.springframework.test.annotation.SystemProfileValueSource] for class [safety.culture.test.api.TemperatureTest]
09:13:58.768 [Test worker] DEBUG org.springframework.core.env.StandardEnvironment - Adding PropertySource 'systemProperties' with lowest search precedence
09:13:58.768 [Test worker] DEBUG org.springframework.core.env.StandardEnvironment - Adding PropertySource 'systemEnvironment' with lowest search precedence
09:13:58.768 [Test worker] DEBUG org.springframework.core.env.StandardEnvironment - Initialized StandardEnvironment with PropertySources [MapPropertySource@693063964 {name='systemProperties', properties={java.runtime.name=Java(TM) SE Runtime Environment, sun.boot.library.path=/Library/Java/JavaVirtualMachines/jdk1.8.0_111.jdk/Contents/Home/jre/lib, java.vm.version=25.111-b14, gopherProxySet=false, java.vm.vendor=Oracle Corporation, java.vendor.url=http://java.oracle.com/, path.separator=:, java.vm.name=Java HotSpot(TM) 64-Bit Server VM, file.encoding.pkg=sun.io, sun.java.launcher=SUN_STANDARD, user.country=US, sun.os.patch.level=unknown, java.vm.specification.name=Java Virtual Machine Specification, user.dir=/Users/gabriela/Development/sensor, java.runtime.version=1.8.0_111-b14, java.awt.graphicsenv=sun.awt.CGraphicsEnvironment, java.endorsed.dirs=/Library/Java/JavaVirtualMachines/jdk1.8.0_111.jdk/Contents/Home/jre/lib/endorsed, os.arch=x86_64, java.io.tmpdir=/var/folders/zz/zyxvpxvq6csfxvn_n0000000000000/T/, line.separator=
, java.vm.specification.vendor=Oracle Corporation, user.variant=, os.name=Mac OS X, sun.jnu.encoding=UTF-8, java.library.path=/Users/gabriela/Library/Java/Extensions:/Library/Java/Extensions:/Network/Library/Java/Extensions:/System/Library/Java/Extensions:/usr/lib/java:., java.specification.name=Java Platform API Specification, java.class.version=52.0, org.gradle.native=false, sun.management.compiler=HotSpot 64-Bit Tiered Compilers, os.version=10.12.6, http.nonProxyHosts=local|*.local|169.254/16|*.169.254/16, user.home=/var/root, user.timezone=Australia/Sydney, java.awt.printerjob=sun.lwawt.macosx.CPrinterJob, file.encoding=UTF-8, java.specification.version=1.8, java.class.path=/Users/gabriela/Development/sensor/build/classes/java/test:/Users/gabriela/Development/sensor/build/resources/test:/Users/gabriela/Development/sensor/build/classes/java/main:/Users/gabriela/Development/sensor/build/resources/main:/private/var/root/.gradle/caches/modules-2/files-2.1/org.springframework.boot/spring-boot-starter-web/2.0.0.RELEASE/fcb2a9e18f98382e626935841f85ed44d7153615/spring-boot-starter-web-2.0.0.RELEASE.jar:/private/var/root/.gradle/caches/modules-2/files-2.1/org.springframework.boot/spring-boot-starter-test/2.0.0.RELEASE/4ff0e1d9bd315a4a5867e9c6128691cac8b37348/spring-boot-starter-test-2.0.0.RELEASE.jar:/private/var/root/.gradle/caches/modules-2/files-2.1/junit/junit/4.12/2973d150c0dc1fefe998f834810d68f278ea58ec/junit-4.12.jar:/private/var/root/.gradle/caches/modules-2/files-2.1/org.springframework.boot/spring-boot-starter-json/2.0.0.RELEASE/5a09c939d8bd60d7f163c1c0c20a3127ba9fffa/spring-boot-starter-json-2.0.0.RELEASE.jar:/private/var/root/.gradle/caches/modules-2/files-2.1/org.springframework.boot/spring-boot-starter/2.0.0.RELEASE/6d7d8e4bf053cd1833f3c7dbce676bc274f0892f/spring-boot-starter-2.0.0.RELEASE.jar:/private/var/root/.gradle/caches/modules-2/files-2.1/org.springframework.boot/spring-boot-starter-tomcat/2.0.0.RELEASE/908bc9de1a7cfa857edf44182d426f6e0d8a3008/spring-boot-starter-tomcat-2.0.0.RELEASE.jar:/private/var/root/.gradle/caches/modules-2/files-2.1/org.hibernate.validator/hibernate-validator/6.0.7.Final/8b9d9c7ec8c73963ea0fe81912fc67711a4ef76/hibernate-validator-6.0.7.Final.jar:/private/var/root/.gradle/caches/modules-2/files-2.1/org.springframework/spring-webmvc/5.0.4.RELEASE/addcf1caa22613c474bd6dde8c7134fef940b1f0/spring-webmvc-5.0.4.RELEASE.jar:/private/var/root/.gradle/caches/modules-2/files-2.1/org.springframework/spring-web/5.0.4.RELEASE/9565bbc67bf1a850a6505deaa5103931712a7b80/spring-web-5.0.4.RELEASE.jar:/private/var/root/.gradle/caches/modules-2/files-2.1/org.hamcrest/hamcrest-library/1.3/4785a3c21320980282f9f33d0d1264a69040538f/hamcrest-library-1.3.jar:/private/var/root/.gradle/caches/modules-2/files-2.1/org.hamcrest/hamcrest-core/1.3/42a25dc3219429f0e5d060061f71acb49bf010a0/hamcrest-core-1.3.jar:/private/var/root/.gradle/caches/modules-2/files-2.1/org.springframework.boot/spring-boot-test-autoconfigure/2.0.0.RELEASE/db0595321e96929d9473cf061f3408972d03c6aa/spring-boot-test-autoconfigure-2.0.0.RELEASE.jar:/private/var/root/.gradle/caches/modules-2/files-2.1/org.springframework.boot/spring-boot-test/2.0.0.RELEASE/1565e78c2801bd3c7ece0a8ddc08e5ed53676878/spring-boot-test-2.0.0.RELEASE.jar:/private/var/root/.gradle/caches/modules-2/files-2.1/com.jayway.jsonpath/json-path/2.4.0/765a4401ceb2dc8d40553c2075eb80a8fa35c2ae/json-path-2.4.0.jar:/private/var/root/.gradle/caches/modules-2/files-2.1/org.assertj/assertj-core/3.9.1/c5ce126b15f28d56cd8f960c1a6a058b9c9aea87/assertj-core-3.9.1.jar:/private/var/root/.gradle/caches/modules-2/files-2.1/org.mockito/mockito-core/2.15.0/b84bfbbc29cd22c9529409627af6ea2897f4fa85/mockito-core-2.15.0.jar:/private/var/root/.gradle/caches/modules-2/files-2.1/org.skyscreamer/jsonassert/1.5.0/6c9d5fe2f59da598d9aefc1cfc6528ff3cf32df3/jsonassert-1.5.0.jar:/private/var/root/.gradle/caches/modules-2/files-2.1/org.springframework/spring-test/5.0.4.RELEASE/3fc10b6535a113593fa8780951465012a7677e21/spring-test-5.0.4.RELEASE.jar:/private/var/root/.gradle/caches/modules-2/files-2.1/org.springframework.boot/spring-boot-autoconfigure/2.0.0.RELEASE/c89896a469ecf92996ecba40755919896ace5470/spring-boot-autoconfigure-2.0.0.RELEASE.jar:/private/var/root/.gradle/caches/modules-2/files-2.1/org.springframework.boot/spring-boot/2.0.0.RELEASE/771da2071ff14a47f108642a641c204ae4ef7b15/spring-boot-2.0.0.RELEASE.jar:/private/var/root/.gradle/caches/modules-2/files-2.1/org.springframework/spring-context/5.0.4.RELEASE/3e76d08c851113077642c5704f0f94d5ce58e905/spring-context-5.0.4.RELEASE.jar:/private/var/root/.gradle/caches/modules-2/files-2.1/org.springframework/spring-expression/5.0.4.RELEASE/4bda161f2e34c1486f2527a23eb47293567f473c/spring-expression-5.0.4.RELEASE.jar:/private/var/root/.gradle/caches/modules-2/files-2.1/org.springframework/spring-aop/5.0.4.RELEASE/f8e029e54c0267dadb6b9f713f3feb54ec4f3a0e/spring-aop-5.0.4.RELEASE.jar:/private/var/root/.gradle/caches/modules-2/files-2.1/org.springframework/spring-beans/5.0.4.RELEASE/7a8c3d48d4c33621e64d1399721d8e067450fcbd/spring-beans-5.0.4.RELEASE.jar:/private/var/root/.gradle/caches/modules-2/files-2.1/org.springframework/spring-core/5.0.4.RELEASE/2221a957b5561a34f044350ba4e30ef5870254a3/spring-core-5.0.4.RELEASE.jar:/private/var/root/.gradle/caches/modules-2/files-2.1/org.xmlunit/xmlunit-core/2.5.1/4ffdb346572a7356f7521cd3119ce5287d2e339d/xmlunit-core-2.5.1.jar:/private/var/root/.gradle/caches/modules-2/files-2.1/org.springframework.boot/spring-boot-starter-logging/2.0.0.RELEASE/fe939b71659ef1f98a53cce0b5bcf771685cf6a6/spring-boot-starter-logging-2.0.0.RELEASE.jar:/private/var/root/.gradle/caches/modules-2/files-2.1/javax.annotation/javax.annotation-api/1.3.2/934c04d3cfef185a8008e7bf34331b79730a9d43/javax.annotation-api-1.3.2.jar:/private/var/root/.gradle/caches/modules-2/files-2.1/org.yaml/snakeyaml/1.19/2d998d3d674b172a588e54ab619854d073f555b5/snakeyaml-1.19.jar:/private/var/root/.gradle/caches/modules-2/files-2.1/com.fasterxml.jackson.datatype/jackson-datatype-jdk8/2.9.4/63ac052d52a70a15820d3dc07ea757826fd51d40/jackson-datatype-jdk8-2.9.4.jar:/private/var/root/.gradle/caches/modules-2/files-2.1/com.fasterxml.jackson.datatype/jackson-datatype-jsr310/2.9.4/12d52679a6615c7972ea25bd8ebb60b191fe79b7/jackson-datatype-jsr310-2.9.4.jar:/private/var/root/.gradle/caches/modules-2/files-2.1/com.fasterxml.jackson.module/jackson-module-parameter-names/2.9.4/5833c819877c3e85bad847f4d2fa4e70379217c6/jackson-module-parameter-names-2.9.4.jar:/private/var/root/.gradle/caches/modules-2/files-2.1/com.fasterxml.jackson.core/jackson-databind/2.9.4/498bbc3b94f566982c7f7c6d4d303fce365529be/jackson-databind-2.9.4.jar:/private/var/root/.gradle/caches/modules-2/files-2.1/org.apache.tomcat.embed/tomcat-embed-websocket/8.5.28/8a5a48740dd80cad644ceb541e77fd8e0809e3b7/tomcat-embed-websocket-8.5.28.jar:/private/var/root/.gradle/caches/modules-2/files-2.1/org.apache.tomcat.embed/tomcat-embed-core/8.5.28/b684c98cf77c6528079c4e59fc1feeb218bf82f1/tomcat-embed-core-8.5.28.jar:/private/var/root/.gradle/caches/modules-2/files-2.1/org.apache.tomcat.embed/tomcat-embed-el/8.5.28/75745598f60646ccf0c4b105468a9c8be9b8432e/tomcat-embed-el-8.5.28.jar:/private/var/root/.gradle/caches/modules-2/files-2.1/javax.validation/validation-api/2.0.1.Final/cb855558e6271b1b32e716d24cb85c7f583ce09e/validation-api-2.0.1.Final.jar:/private/var/root/.gradle/caches/modules-2/files-2.1/org.jboss.logging/jboss-logging/3.3.2.Final/3789d00e859632e6c6206adc0c71625559e6e3b0/jboss-logging-3.3.2.Final.jar:/private/var/root/.gradle/caches/modules-2/files-2.1/com.fasterxml/classmate/1.3.4/3d5f48f10bbe4eb7bd862f10c0583be2e0053c6/classmate-1.3.4.jar:/private/var/root/.gradle/caches/modules-2/files-2.1/net.minidev/json-smart/2.3/7396407491352ce4fa30de92efb158adb76b5b/json-smart-2.3.jar:/private/var/root/.gradle/caches/modules-2/files-2.1/ch.qos.logback/logback-classic/1.2.3/7c4f3c474fb2c041d8028740440937705ebb473a/logback-classic-1.2.3.jar:/private/var/root/.gradle/caches/modules-2/files-2.1/org.apache.logging.log4j/log4j-to-slf4j/2.10.0/f7e631ccf49cfc0aefa4a2a728da7d374c05bd3c/log4j-to-slf4j-2.10.0.jar:/private/var/root/.gradle/caches/modules-2/files-2.1/org.slf4j/jul-to-slf4j/1.7.25/af5364cd6679bfffb114f0dec8a157aaa283b76/jul-to-slf4j-1.7.25.jar:/private/var/root/.gradle/caches/modules-2/files-2.1/org.slf4j/slf4j-api/1.7.25/da76ca59f6a57ee3102f8f9bd9cee742973efa8a/slf4j-api-1.7.25.jar:/private/var/root/.gradle/caches/modules-2/files-2.1/net.bytebuddy/byte-buddy/1.7.10/3c8ec287c0a5bd04b1e3f11723bc46a50346602b/byte-buddy-1.7.10.jar:/private/var/root/.gradle/caches/modules-2/files-2.1/net.bytebuddy/byte-buddy-agent/1.7.10/9b092a8fb9112b89f6cb23fc929cfb931b14007b/byte-buddy-agent-1.7.10.jar:/private/var/root/.gradle/caches/modules-2/files-2.1/org.objenesis/objenesis/2.6/639033469776fd37c08358c6b92a4761feb2af4b/objenesis-2.6.jar:/private/var/root/.gradle/caches/modules-2/files-2.1/com.vaadin.external.google/android-json/0.0.20131108.vaadin1/fa26d351fe62a6a17f5cda1287c1c6110dec413f/android-json-0.0.20131108.vaadin1.jar:/private/var/root/.gradle/caches/modules-2/files-2.1/org.springframework/spring-jcl/5.0.4.RELEASE/3053e2bad0a18571bdbb9596ce51f9d458f5934f/spring-jcl-5.0.4.RELEASE.jar:/private/var/root/.gradle/caches/modules-2/files-2.1/com.fasterxml.jackson.core/jackson-annotations/2.9.0/7c10d545325e3a6e72e06381afe469fd40eb701/jackson-annotations-2.9.0.jar:/private/var/root/.gradle/caches/modules-2/files-2.1/com.fasterxml.jackson.core/jackson-core/2.9.4/a9a71ec1aa37da47db168fede9a4a5fb5e374320/jackson-core-2.9.4.jar:/private/var/root/.gradle/caches/modules-2/files-2.1/net.minidev/accessors-smart/1.2/c592b500269bfde36096641b01238a8350f8aa31/accessors-smart-1.2.jar:/private/var/root/.gradle/caches/modules-2/files-2.1/ch.qos.logback/logback-core/1.2.3/864344400c3d4d92dfeb0a305dc87d953677c03c/logback-core-1.2.3.jar:/private/var/root/.gradle/caches/modules-2/files-2.1/org.apache.logging.log4j/log4j-api/2.10.0/fec5797a55b786184a537abd39c3fa1449d752d6/log4j-api-2.10.0.jar:/private/var/root/.gradle/caches/modules-2/files-2.1/org.ow2.asm/asm/5.0.4/da08b8cce7bbf903602a25a3a163ae252435795/asm-5.0.4.jar, user.name=root, java.vm.specification.version=1.8, sun.java.command=worker.org.gradle.process.internal.worker.GradleWorkerMain 'Gradle Test Executor 12', java.home=/Library/Java/JavaVirtualMachines/jdk1.8.0_111.jdk/Contents/Home/jre, sun.arch.data.model=64, user.language=en, java.specification.vendor=Oracle Corporation, awt.toolkit=sun.lwawt.macosx.LWCToolkit, java.vm.info=mixed mode, java.version=1.8.0_111, java.ext.dirs=/Users/gabriela/Library/Java/Extensions:/Library/Java/JavaVirtualMachines/jdk1.8.0_111.jdk/Contents/Home/jre/lib/ext:/Library/Java/Extensions:/Network/Library/Java/Extensions:/System/Library/Java/Extensions:/usr/lib/java, sun.boot.class.path=/Library/Java/JavaVirtualMachines/jdk1.8.0_111.jdk/Contents/Home/jre/lib/resources.jar:/Library/Java/JavaVirtualMachines/jdk1.8.0_111.jdk/Contents/Home/jre/lib/rt.jar:/Library/Java/JavaVirtualMachines/jdk1.8.0_111.jdk/Contents/Home/jre/lib/sunrsasign.jar:/Library/Java/JavaVirtualMachines/jdk1.8.0_111.jdk/Contents/Home/jre/lib/jsse.jar:/Library/Java/JavaVirtualMachines/jdk1.8.0_111.jdk/Contents/Home/jre/lib/jce.jar:/Library/Java/JavaVirtualMachines/jdk1.8.0_111.jdk/Contents/Home/jre/lib/charsets.jar:/Library/Java/JavaVirtualMachines/jdk1.8.0_111.jdk/Contents/Home/jre/lib/jfr.jar:/Library/Java/JavaVirtualMachines/jdk1.8.0_111.jdk/Contents/Home/jre/classes, java.vendor=Oracle Corporation, org.gradle.test.worker=12, file.separator=/, java.vendor.url.bug=http://bugreport.sun.com/bugreport/, sun.io.unicode.encoding=UnicodeBig, sun.cpu.endian=little, socksNonProxyHosts=local|*.local|169.254/16|*.169.254/16, ftp.nonProxyHosts=local|*.local|169.254/16|*.169.254/16, sun.cpu.isalist=}}, SystemEnvironmentPropertySource@1440949021 {name='systemEnvironment', properties={PATH=/Users/gabriela/.rbenv/shims:/Library/Frameworks/Python.framework/Versions/3.4/bin:/usr/local/bin:/usr/bin:/bin:/usr/sbin:/sbin:/Applications/play-1.3.4:/opt/X11/bin:/Users/gabriela/Applications/play-1.3.4, JAVA_ARCH=x86_64, TERM=xterm-256color, LANG=en_AU.UTF-8, SUDO_USER=gabriela, JAVA_MAIN_CLASS_3608=org.gradle.wrapper.GradleWrapperMain, DISPLAY=/private/tmp/com.apple.launchd.ijl7Kw32Xq/org.macosforge.xquartz:0, SUDO_GID=20, MAIL=/var/mail/root, JAVA_MAIN_CLASS_3621=worker.org.gradle.process.internal.worker.GradleWorkerMain, USERNAME=root, LOGNAME=root, PWD=/Users/gabriela/Development/sensor, SUDO_UID=501, APP_ICON_3608=/Users/gabriela/Development/sensor/media/gradle.icns, SHELL=/bin/sh, OLDPWD=/Users/gabriela/Development/sensor, USER=root, SUDO_COMMAND=./gradlew clean build, SSH_AUTH_SOCK=/private/tmp/com.apple.launchd.uLlc6ODtsZ/Listeners, __CF_USER_TEXT_ENCODING=0x0:0:0, APP_NAME_3608=Gradle, com.apple.java.jvmTask=CommandLine, HOME=/Users/gabriela, SHLVL=0}}]
09:13:58.770 [Test worker] DEBUG org.springframework.test.context.support.TestPropertySourceUtils - Adding inlined properties to environment: {spring.jmx.enabled=false, org.springframework.boot.test.context.SpringBootTestContextBootstrapper=true, server.port=-1}
09:13:58.770 [Test worker] DEBUG org.springframework.core.env.StandardEnvironment - Adding PropertySource 'Inlined Test Properties' with highest search precedence

  .   ____          _            __ _ _
 /\\ / ___'_ __ _ _(_)_ __  __ _ \ \ \ \
( ( )\___ | '_ | '_| | '_ \/ _` | \ \ \ \
 \\/  ___)| |_)| | | | | || (_| |  ) ) ) )
  '  |____| .__|_| |_|_| |_\__, | / / / /
 =========|_|==============|___/=/_/_/_/
 :: Spring Boot ::        (v2.0.0.RELEASE)

2018-03-16 09:13:58.972  INFO 3621 --- [    Test worker] safety.culture.test.api.TemperatureTest  : Starting TemperatureTest on shiro with PID 3621 (started by root in /Users/gabriela/Development/sensor)
2018-03-16 09:13:58.975  INFO 3621 --- [    Test worker] safety.culture.test.api.TemperatureTest  : No active profile set, falling back to default profiles: default
2018-03-16 09:13:58.994  INFO 3621 --- [    Test worker] o.s.w.c.s.GenericWebApplicationContext   : Refreshing org.springframework.web.context.support.GenericWebApplicationContext@70fa38df: startup date [Fri Mar 16 09:13:58 AEDT 2018]; root of context hierarchy
2018-03-16 09:13:59.964  INFO 3621 --- [    Test worker] o.s.b.t.m.w.SpringBootMockServletContext : Initializing Spring FrameworkServlet ''
2018-03-16 09:13:59.964  INFO 3621 --- [    Test worker] o.s.t.web.servlet.TestDispatcherServlet  : FrameworkServlet '': initialization started
2018-03-16 09:14:00.077  INFO 3621 --- [    Test worker] s.w.s.m.m.a.RequestMappingHandlerMapping : Mapped "{[/temperature/getAverages],methods=[POST]}" onto public org.springframework.http.ResponseEntity safety.culture.test.api.Temperature.getAverageMeasures(java.util.List<safety.culture.test.api.dto.TemperatureReading>)
2018-03-16 09:14:00.077  INFO 3621 --- [    Test worker] s.w.s.m.m.a.RequestMappingHandlerMapping : Mapped "{[/]}" onto public org.springframework.http.ResponseEntity safety.culture.test.api.Temperature.greeting()
2018-03-16 09:14:00.082  INFO 3621 --- [    Test worker] s.w.s.m.m.a.RequestMappingHandlerMapping : Mapped "{[/error]}" onto public org.springframework.http.ResponseEntity<java.util.Map<java.lang.String, java.lang.Object>> org.springframework.boot.autoconfigure.web.servlet.error.BasicErrorController.error(javax.servlet.http.HttpServletRequest)
2018-03-16 09:14:00.083  INFO 3621 --- [    Test worker] s.w.s.m.m.a.RequestMappingHandlerMapping : Mapped "{[/error],produces=[text/html]}" onto public org.springframework.web.servlet.ModelAndView org.springframework.boot.autoconfigure.web.servlet.error.BasicErrorController.errorHtml(javax.servlet.http.HttpServletRequest,javax.servlet.http.HttpServletResponse)
2018-03-16 09:14:00.117  INFO 3621 --- [    Test worker] o.s.w.s.handler.SimpleUrlHandlerMapping  : Mapped URL path [/webjars/**] onto handler of type [class org.springframework.web.servlet.resource.ResourceHttpRequestHandler]
2018-03-16 09:14:00.117  INFO 3621 --- [    Test worker] o.s.w.s.handler.SimpleUrlHandlerMapping  : Mapped URL path [/**] onto handler of type [class org.springframework.web.servlet.resource.ResourceHttpRequestHandler]
2018-03-16 09:14:00.132  INFO 3621 --- [    Test worker] o.s.w.s.handler.SimpleUrlHandlerMapping  : Mapped URL path [/**/favicon.ico] onto handler of type [class org.springframework.web.servlet.resource.ResourceHttpRequestHandler]
2018-03-16 09:14:00.272  INFO 3621 --- [    Test worker] s.w.s.m.m.a.RequestMappingHandlerAdapter : Looking for @ControllerAdvice: org.springframework.web.context.support.GenericWebApplicationContext@70fa38df: startup date [Fri Mar 16 09:13:58 AEDT 2018]; root of context hierarchy
2018-03-16 09:14:00.354  INFO 3621 --- [    Test worker] o.s.t.web.servlet.TestDispatcherServlet  : FrameworkServlet '': initialization completed in 390 ms
2018-03-16 09:14:00.553  INFO 3621 --- [    Test worker] safety.culture.test.api.TemperatureTest  : Started TemperatureTest in 1.772 seconds (JVM running for 2.701)
]]></system-out>
  <system-err><![CDATA[]]></system-err>
</testsuite>
